mode: set
github.com/Avalanche-io/sled/config/config.go:21.19,26.2 4 1
github.com/Avalanche-io/sled/config/config.go:28.20,30.2 1 1
github.com/Avalanche-io/sled/config/config.go:32.27,35.2 2 1
github.com/Avalanche-io/sled/config/config.go:37.35,38.17 1 1
github.com/Avalanche-io/sled/config/config.go:41.2,42.14 2 1
github.com/Avalanche-io/sled/config/config.go:38.17,40.3 1 1
github.com/Avalanche-io/sled/config/config.go:45.38,48.2 2 1
github.com/Avalanche-io/sled/config/config.go:50.37,53.2 2 1
github.com/Avalanche-io/sled/config/config.go:55.50,57.2 1 1
github.com/Avalanche-io/sled/config/config.go:59.48,62.2 2 1
github.com/Avalanche-io/sled/config/config.go:64.50,67.2 2 1
github.com/Avalanche-io/sled/config/filename.go:10.45,12.9 2 1
github.com/Avalanche-io/sled/config/filename.go:13.2,14.13 1 1
github.com/Avalanche-io/sled/config/filename.go:15.2,18.13 3 1
github.com/Avalanche-io/sled/config/filename.go:23.36,24.14 1 1
github.com/Avalanche-io/sled/config/filename.go:27.2,27.19 1 1
github.com/Avalanche-io/sled/config/filename.go:24.14,26.3 1 1
github.com/Avalanche-io/sled/config/path.go:13.42,18.9 4 1
github.com/Avalanche-io/sled/config/path.go:19.2,20.38 1 1
github.com/Avalanche-io/sled/config/path.go:21.2,23.17 2 1
github.com/Avalanche-io/sled/config/path.go:24.2,26.80 2 1
github.com/Avalanche-io/sled/config/path.go:27.2,30.73 3 1
github.com/Avalanche-io/sled/config/path.go:35.44,36.20 1 1
github.com/Avalanche-io/sled/config/path.go:39.2,40.13 2 1
github.com/Avalanche-io/sled/config/path.go:36.20,38.3 1 1
github.com/Avalanche-io/sled/config/path.go:44.32,45.14 1 1
github.com/Avalanche-io/sled/config/path.go:48.2,48.19 1 1
github.com/Avalanche-io/sled/config/path.go:45.14,47.3 1 1
github.com/Avalanche-io/sled/config/path.go:51.43,55.14 3 1
github.com/Avalanche-io/sled/config/path.go:60.2,60.10 1 1
github.com/Avalanche-io/sled/config/path.go:55.14,59.3 2 1
github.com/Avalanche-io/sled/config/path.go:63.42,65.48 2 1
github.com/Avalanche-io/sled/config/path.go:68.2,68.10 1 1
github.com/Avalanche-io/sled/config/path.go:65.48,67.3 1 1
